
> aic-amal@0.1.0 build
> next build --webpack

   ظû▓ Next.js 16.0.8 (webpack)
   - Environments: .env.local

npm :  ظأب The 
"middleware" file 
convention is 
deprecated. Please 
use "proxy" instead. 
Learn more: https://ne
xtjs.org/docs/messages
/middleware-to-proxy
At line:1 char:1
+ npm run build 2>&1 
| Out-File -Encoding 
utf8 build_full.log
+ ~~~~~~~~~~~~~~~~~~
    + CategoryInfo    
          : NotSpeci  
  fied: ( ظأب The "   
 middl...leware-to    
-proxy:String) []    
, RemoteException
    + FullyQualifiedE 
   rrorId : NativeCo  
  mmandError
 
   Creating an optimized production build ...
Failed to compile.

./node_modules/pdf-lib
/cjs/index.js
Module not found: 
Can't resolve 
'./api/index'

https://nextjs.org/doc
s/messages/module-not-
found

Import trace for 
requested module:
./src/app/api/donation
s/receipt/box/route.js

./node_modules/pdf-lib
/cjs/index.js
Module not found: 
Can't resolve 
'./core/index'

https://nextjs.org/doc
s/messages/module-not-
found

Import trace for 
requested module:
./src/app/api/donation
s/receipt/box/route.js

./node_modules/pdf-lib
/cjs/index.js
Module not found: 
Can't resolve 
'./types/index'

https://nextjs.org/doc
s/messages/module-not-
found

Import trace for 
requested module:
./src/app/api/donation
s/receipt/box/route.js

./node_modules/pdf-lib
/cjs/index.js
Module not found: 
Can't resolve 
'./utils/index'

https://nextjs.org/doc
s/messages/module-not-
found

Import trace for 
requested module:
./src/app/api/donation
s/receipt/box/route.js


> Build failed 
because of webpack 
errors
