
> aic-amal@0.1.0 build
> next build --webpack

   ظû▓ Next.js 16.0.8 (webpack)
   - Environments: .env.local

npm :  ظأب The 
"middleware" file 
convention is 
deprecated. Please 
use "proxy" instead. 
Learn more: https://ne
xtjs.org/docs/messages
/middleware-to-proxy
At line:1 char:1
+ npm run build 2>&1 
| Out-File -Encoding 
utf8 
build_verify_final.log
+ ~~~~~~~~~~~~~~~~~~
    + CategoryInfo    
          : NotSpeci  
  fied: ( ظأب The "   
 middl...leware-to    
-proxy:String) []    
, RemoteException
    + FullyQualifiedE 
   rrorId : NativeCo  
  mmandError
 
   Creating an optimized production build ...
 ظ£ô Compiled successfully in 18.8s
   Running TypeScript ...
Failed to compile.

./src/app/admin/(admin
)/campaigns/delete/pag
e.tsx:2:8
Type error: 'React' 
is declared but its 
value is never read.

[0m [90m 1 |[39m 
[32m"use client"[39m
[33m;[39m
[31m[1m>[22m[39m[
90m 2 |[39m 
[36mimport[39m [33m
React[39m[33m,[39m 
{ useState[33m,[39m 
useEffect } 
[36mfrom[39m [32m"r
eact"[39m[33m;[39m
 [90m   |[39m       
 [31m[1m^[22m[39m
 [90m 3 |[39m 
[36mimport[39m 
[33mLink[39m 
[36mfrom[39m [32m"n
ext/link"[39m[33m;[
39m
 [90m 4 |[39m 
[36mimport[39m { use
SearchParams[33m,[39
m useRouter } 
[36mfrom[39m [32m"n
ext/navigation"[39m[
33m;[39m
 [90m 5 |[39m 
[36mimport[39m { 
[0m
Next.js build worker 
exited with code: 1 
and signal: null
